<?xml version="1.0" encoding="UTF-8"?>
<testsuite xmlns:xsi="http://www.w3.org/2001/XMLSchema-instance" xsi:noNamespaceSchemaLocation="https://maven.apache.org/surefire/maven-surefire-plugin/xsd/surefire-test-report.xsd" name="com.test.ServingWebContentApplicationTest" time="8.058" tests="4" errors="0" skipped="0" failures="4">
  <properties>
[...]
</properties>
  <testcase name="changeParam" classname="com.test.ServingWebContentApplicationTest$changeParamTest" time="1.018">
    <failure message="Range for response status value 404 NOT_FOUND expected:&lt;SUCCESSFUL&gt; but was:&lt;CLIENT_ERROR&gt;&#10;&#10;&gt; PUT http://localhost:61741/changeParam&#10;&gt; WebTestClient-Request-Id: [1]&#10;&gt; Accept: [application/json]&#10;&gt; Content-Type: [application/json]&#10;&gt; Content-Length: [76]&#10;&#10;{&quot;id&quot;:0,&quot;brand&quot;:&quot;HONDA V2&quot;,&quot;color&quot;:&quot;BLACK V2&quot;,&quot;fuelCapacity&quot;:5000,&quot;seats&quot;:6}&#10;&#10;&lt; 404 NOT_FOUND Not Found&#10;&lt; Vary: [Origin, Access-Control-Request-Method, Access-Control-Request-Headers]&#10;&lt; Content-Type: [application/json]&#10;&lt; Transfer-Encoding: [chunked]&#10;&lt; Date: [Wed, 10 Feb 2021 08:34:20 GMT]&#10;&#10;{&quot;timestamp&quot;:&quot;2021-02-10T08:34:20.241+00:00&quot;,&quot;status&quot;:404,&quot;error&quot;:&quot;Not Found&quot;,&quot;message&quot;:&quot;&quot;,&quot;path&quot;:&quot;/changeParam&quot;}&#10;" type="java.lang.AssertionError"><![CDATA[java.lang.AssertionError: 
Range for response status value 404 NOT_FOUND expected:<SUCCESSFUL> but was:<CLIENT_ERROR>

> PUT http://localhost:61741/changeParam
> WebTestClient-Request-Id: [1]
> Accept: [application/json]
> Content-Type: [application/json]
> Content-Length: [76]

{"id":0,"brand":"HONDA V2","color":"BLACK V2","fuelCapacity":5000,"seats":6}

< 404 NOT_FOUND Not Found
< Vary: [Origin, Access-Control-Request-Method, Access-Control-Request-Headers]
< Content-Type: [application/json]
< Transfer-Encoding: [chunked]
< Date: [Wed, 10 Feb 2021 08:34:20 GMT]

{"timestamp":"2021-02-10T08:34:20.241+00:00","status":404,"error":"Not Found","message":"","path":"/changeParam"}

	at com.test.ServingWebContentApplicationTest$changeParamTest.changeParam(ServingWebContentApplicationTest.java:206)
Caused by: java.lang.AssertionError: Range for response status value 404 NOT_FOUND expected:<SUCCESSFUL> but was:<CLIENT_ERROR>
	at com.test.ServingWebContentApplicationTest$changeParamTest.changeParam(ServingWebContentApplicationTest.java:206)
]]></failure>
    <system-out><![CDATA[16:34:12.433 [main] DEBUG org.springframework.test.context.BootstrapUtils - Instantiating CacheAwareContextLoaderDelegate from class [org.springframework.test.context.cache.DefaultCacheAwareContextLoaderDelegate]
16:34:12.442 [main] DEBUG org.springframework.test.context.BootstrapUtils - Instantiating BootstrapContext using constructor [public org.springframework.test.context.support.DefaultBootstrapContext(java.lang.Class,org.springframework.test.context.CacheAwareContextLoaderDelegate)]
16:34:12.462 [main] DEBUG org.springframework.test.context.BootstrapUtils - Instantiating TestContextBootstrapper for test class [com.test.ServingWebContentApplicationTest] from class [org.springframework.boot.test.context.SpringBootTestContextBootstrapper]
16:34:12.475 [main] INFO org.springframework.boot.test.context.SpringBootTestContextBootstrapper - Neither @ContextConfiguration nor @ContextHierarchy found for test class [com.test.ServingWebContentApplicationTest], using SpringBootContextLoader
16:34:12.478 [main] DEBUG org.springframework.test.context.support.AbstractContextLoader - Did not detect default resource location for test class [com.test.ServingWebContentApplicationTest]: class path resource [com/test/ServingWebContentApplicationTest-context.xml] does not exist
16:34:12.479 [main] DEBUG org.springframework.test.context.support.AbstractContextLoader - Did not detect default resource location for test class [com.test.ServingWebContentApplicationTest]: class path resource [com/test/ServingWebContentApplicationTestContext.groovy] does not exist
16:34:12.479 [main] INFO org.springframework.test.context.support.AbstractContextLoader - Could not detect default resource locations for test class [com.test.ServingWebContentApplicationTest]: no resource found for suffixes {-context.xml, Context.groovy}.
16:34:12.479 [main] DEBUG org.springframework.test.context.support.AnnotationConfigContextLoaderUtils - Ignoring class [com.test.ServingWebContentApplicationTest$changeParamTest]; it must be static, non-private, non-final, and annotated with @Configuration to be considered a default configuration class.
16:34:12.479 [main] DEBUG org.springframework.test.context.support.AnnotationConfigContextLoaderUtils - Ignoring class [com.test.ServingWebContentApplicationTest$getAllCarTest]; it must be static, non-private, non-final, and annotated with @Configuration to be considered a default configuration class.
16:34:12.480 [main] DEBUG org.springframework.test.context.support.AnnotationConfigContextLoaderUtils - Ignoring class [com.test.ServingWebContentApplicationTest$deleteCarTest]; it must be static, non-private, non-final, and annotated with @Configuration to be considered a default configuration class.
16:34:12.480 [main] DEBUG org.springframework.test.context.support.AnnotationConfigContextLoaderUtils - Ignoring class [com.test.ServingWebContentApplicationTest$insertCarTest]; it must be static, non-private, non-final, and annotated with @Configuration to be considered a default configuration class.
16:34:12.480 [main] INFO org.springframework.test.context.support.AnnotationConfigContextLoaderUtils - Could not detect default configuration classes for test class [com.test.ServingWebContentApplicationTest]: ServingWebContentApplicationTest does not declare any static, non-private, non-final, nested classes annotated with @Configuration.
16:34:12.518 [main] DEBUG org.springframework.test.context.support.ActiveProfilesUtils - Could not find an 'annotation declaring class' for annotation type [org.springframework.test.context.ActiveProfiles] and class [com.test.ServingWebContentApplicationTest]
16:34:12.583 [main] DEBUG org.springframework.context.annotation.ClassPathScanningCandidateComponentProvider - Identified candidate component class: file [C:\Users\jorlo\Desktop\gs-serving-web-content-master\complete\target\classes\com\test\ServingWebContentApplication.class]
16:34:12.584 [main] INFO org.springframework.boot.test.context.SpringBootTestContextBootstrapper - Found @SpringBootConfiguration com.test.ServingWebContentApplication for test class com.test.ServingWebContentApplicationTest
16:34:12.693 [main] DEBUG org.springframework.boot.test.context.SpringBootTestContextBootstrapper - @TestExecutionListeners is not present for class [com.test.ServingWebContentApplicationTest]: using defaults.
16:34:12.694 [main] INFO org.springframework.boot.test.context.SpringBootTestContextBootstrapper - Loaded default TestExecutionListener class names from location [META-INF/spring.factories]: [org.springframework.boot.test.mock.mockito.MockitoTestExecutionListener, org.springframework.boot.test.mock.mockito.ResetMocksTestExecutionListener, org.springframework.boot.test.autoconfigure.restdocs.RestDocsTestExecutionListener, org.springframework.boot.test.autoconfigure.web.client.MockRestServiceServerResetTestExecutionListener, org.springframework.boot.test.autoconfigure.web.servlet.MockMvcPrintOnlyOnFailureTestExecutionListener, org.springframework.boot.test.autoconfigure.web.servlet.WebDriverTestExecutionListener, org.springframework.boot.test.autoconfigure.webservices.client.MockWebServiceServerTestExecutionListener, org.springframework.test.context.web.ServletTestExecutionListener, org.springframework.test.context.support.DirtiesContextBeforeModesTestExecutionListener, org.springframework.test.context.support.DependencyInjectionTestExecutionListener, org.springframework.test.context.support.DirtiesContextTestExecutionListener, org.springframework.test.context.transaction.TransactionalTestExecutionListener, org.springframework.test.context.jdbc.SqlScriptsTestExecutionListener, org.springframework.test.context.event.EventPublishingTestExecutionListener]
16:34:12.710 [main] INFO org.springframework.boot.test.context.SpringBootTestContextBootstrapper - Using TestExecutionListeners: [org.springframework.test.context.web.ServletTestExecutionListener@44be0077, org.springframework.test.context.support.DirtiesContextBeforeModesTestExecutionListener@2205a05d, org.springframework.boot.test.mock.mockito.MockitoTestExecutionListener@72ef8d15, org.springframework.boot.test.autoconfigure.SpringBootDependencyInjectionTestExecutionListener@6aa8e115, org.springframework.test.context.support.DirtiesContextTestExecutionListener@5e21e98f, org.springframework.test.context.transaction.TransactionalTestExecutionListener@51a9ad5e, org.springframework.test.context.jdbc.SqlScriptsTestExecutionListener@5f20155b, org.springframework.test.context.event.EventPublishingTestExecutionListener@72ade7e3, org.springframework.boot.test.mock.mockito.ResetMocksTestExecutionListener@239105a8, org.springframework.boot.test.autoconfigure.restdocs.RestDocsTestExecutionListener@3fce8fd9, org.springframework.boot.test.autoconfigure.web.client.MockRestServiceServerResetTestExecutionListener@609bcfb6, org.springframework.boot.test.autoconfigure.web.servlet.MockMvcPrintOnlyOnFailureTestExecutionListener@7d94beb9, org.springframework.boot.test.autoconfigure.web.servlet.WebDriverTestExecutionListener@560348e6, org.springframework.boot.test.autoconfigure.webservices.client.MockWebServiceServerTestExecutionListener@1df8b5b8]
16:34:12.715 [main] DEBUG org.springframework.test.context.support.DependencyInjectionTestExecutionListener - Performing dependency injection for test context [[DefaultTestContext@1b266842 testClass = ServingWebContentApplicationTest, testInstance = com.test.ServingWebContentApplicationTest@7a3793c7, testMethod = [null], testException = [null], mergedContextConfiguration = [WebMergedContextConfiguration@42b3b079 testClass = ServingWebContentApplicationTest, locations = '{}', classes = '{class com.test.ServingWebContentApplication}', contextInitializerClasses = '[]', activeProfiles = '{}', propertySourceLocations = '{}', propertySourceProperties = '{org.springframework.boot.test.context.SpringBootTestContextBootstrapper=true, server.port=0}', contextCustomizers = set[org.springframework.boot.test.context.filter.ExcludeFilterContextCustomizer@bcec361, org.springframework.boot.test.json.DuplicateJsonObjectContextCustomizerFactory$DuplicateJsonObjectContextCustomizer@3d285d7e, org.springframework.boot.test.mock.mockito.MockitoContextCustomizer@0, org.springframework.boot.test.web.client.TestRestTemplateContextCustomizer@4c178a76, org.springframework.boot.test.web.reactive.server.WebTestClientContextCustomizer@24313fcc, org.springframework.boot.test.autoconfigure.properties.PropertyMappingContextCustomizer@0, org.springframework.boot.test.autoconfigure.web.servlet.WebDriverContextCustomizerFactory$Customizer@17f7cd29, org.springframework.boot.test.context.SpringBootTestArgs@1, org.springframework.boot.test.context.SpringBootTestWebEnvironment@52feb982], resourceBasePath = 'src/main/webapp', contextLoader = 'org.springframework.boot.test.context.SpringBootContextLoader', parent = [null]], attributes = map['org.springframework.test.context.web.ServletTestExecutionListener.activateListener' -> false]]].
16:34:12.734 [main] DEBUG org.springframework.test.context.support.TestPropertySourceUtils - Adding inlined properties to environment: {spring.jmx.enabled=false, org.springframework.boot.test.context.SpringBootTestContextBootstrapper=true, server.port=0}
2021-02-10 16:34:13.326  INFO 40576 --- [           main] ptablePropertiesBeanFactoryPostProcessor : Post-processing PropertySource instances
2021-02-10 16:34:13.363  INFO 40576 --- [           main] c.u.j.EncryptablePropertySourceConverter : Converting PropertySource configurationProperties [org.springframework.boot.context.properties.source.ConfigurationPropertySourcesPropertySource] to AOP Proxy
2021-02-10 16:34:13.365  INFO 40576 --- [           main] c.u.j.EncryptablePropertySourceConverter : Converting PropertySource bootstrap [org.springframework.core.env.MapPropertySource] to EncryptableMapPropertySourceWrapper
2021-02-10 16:34:13.365  INFO 40576 --- [           main] c.u.j.EncryptablePropertySourceConverter : Converting PropertySource Inlined Test Properties [org.springframework.core.env.MapPropertySource] to EncryptableMapPropertySourceWrapper
2021-02-10 16:34:13.365  INFO 40576 --- [           main] c.u.j.EncryptablePropertySourceConverter : Converting PropertySource systemProperties [org.springframework.core.env.PropertiesPropertySource] to EncryptableMapPropertySourceWrapper
2021-02-10 16:34:13.365  INFO 40576 --- [           main] c.u.j.EncryptablePropertySourceConverter : Converting PropertySource systemEnvironment [org.springframework.boot.env.SystemEnvironmentPropertySourceEnvironmentPostProcessor$OriginAwareSystemEnvironmentPropertySource] to EncryptableSystemEnvironmentPropertySourceWrapper
2021-02-10 16:34:13.366  INFO 40576 --- [           main] c.u.j.EncryptablePropertySourceConverter : Converting PropertySource random [org.springframework.boot.env.RandomValuePropertySource] to EncryptablePropertySourceWrapper
2021-02-10 16:34:13.366  INFO 40576 --- [           main] c.u.j.EncryptablePropertySourceConverter : Converting PropertySource springCloudClientHostInfo [org.springframework.core.env.MapPropertySource] to EncryptableMapPropertySourceWrapper
2021-02-10 16:34:13.424  INFO 40576 --- [           main] c.u.j.filter.DefaultLazyPropertyFilter   : Property Filter custom Bean not found with name 'encryptablePropertyFilter'. Initializing Default Property Filter

  .   ____          _            __ _ _
 /\\ / ___'_ __ _ _(_)_ __  __ _ \ \ \ \
( ( )\___ | '_ | '_| | '_ \/ _` | \ \ \ \
 \\/  ___)| |_)| | | | | || (_| |  ) ) ) )
  '  |____| .__|_| |_|_| |_\__, | / / / /
 =========|_|==============|___/=/_/_/_/
 :: Spring Boot ::        (v2.3.5.RELEASE)

2021-02-10 16:34:13.672  INFO 40576 --- [           main] c.test.ServingWebContentApplicationTest  : No active profile set, falling back to default profiles: default
2021-02-10 16:34:14.299  INFO 40576 --- [           main] o.s.cloud.context.scope.GenericScope     : BeanFactory id=0b91ad94-aaff-3a07-a81a-f426d4feb4a7
2021-02-10 16:34:14.312  INFO 40576 --- [           main] ptablePropertiesBeanFactoryPostProcessor : Post-processing PropertySource instances
2021-02-10 16:34:14.313  INFO 40576 --- [           main] c.u.j.EncryptablePropertySourceConverter : Converting PropertySource configurationProperties [org.springframework.boot.context.properties.source.ConfigurationPropertySourcesPropertySource] to AOP Proxy
2021-02-10 16:34:14.313  INFO 40576 --- [           main] c.u.j.EncryptablePropertySourceConverter : Converting PropertySource Inlined Test Properties [org.springframework.core.env.MapPropertySource] to EncryptableMapPropertySourceWrapper
2021-02-10 16:34:14.313  INFO 40576 --- [           main] c.u.j.EncryptablePropertySourceConverter : Converting PropertySource systemProperties [org.springframework.core.env.PropertiesPropertySource] to EncryptableMapPropertySourceWrapper
2021-02-10 16:34:14.313  INFO 40576 --- [           main] c.u.j.EncryptablePropertySourceConverter : Converting PropertySource systemEnvironment [org.springframework.boot.env.SystemEnvironmentPropertySourceEnvironmentPostProcessor$OriginAwareSystemEnvironmentPropertySource] to EncryptableSystemEnvironmentPropertySourceWrapper
2021-02-10 16:34:14.313  INFO 40576 --- [           main] c.u.j.EncryptablePropertySourceConverter : Converting PropertySource random [org.springframework.boot.env.RandomValuePropertySource] to EncryptablePropertySourceWrapper
2021-02-10 16:34:14.313  INFO 40576 --- [           main] c.u.j.EncryptablePropertySourceConverter : Converting PropertySource springCloudClientHostInfo [org.springframework.core.env.MapPropertySource] to EncryptableMapPropertySourceWrapper
2021-02-10 16:34:14.313  INFO 40576 --- [           main] c.u.j.EncryptablePropertySourceConverter : Converting PropertySource applicationConfig: [classpath:/application.yml] [org.springframework.boot.env.OriginTrackedMapPropertySource] to EncryptableMapPropertySourceWrapper
2021-02-10 16:34:14.313  INFO 40576 --- [           main] c.u.j.EncryptablePropertySourceConverter : Converting PropertySource springCloudDefaultProperties [org.springframework.core.env.MapPropertySource] to EncryptableMapPropertySourceWrapper
2021-02-10 16:34:14.313  INFO 40576 --- [           main] c.u.j.EncryptablePropertySourceConverter : Converting PropertySource cachedrandom [org.springframework.cloud.util.random.CachedRandomPropertySource] to EncryptablePropertySourceWrapper
2021-02-10 16:34:14.407  INFO 40576 --- [           main] c.u.j.filter.DefaultLazyPropertyFilter   : Property Filter custom Bean not found with name 'encryptablePropertyFilter'. Initializing Default Property Filter
2021-02-10 16:34:14.781  INFO 40576 --- [           main] trationDelegate$BeanPostProcessorChecker : Bean 'org.springframework.cloud.client.loadbalancer.reactive.LoadBalancerBeanPostProcessorAutoConfiguration' of type [org.springframework.cloud.client.loadbalancer.reactive.LoadBalancerBeanPostProcessorAutoConfiguration] is not eligible for getting processed by all BeanPostProcessors (for example: not eligible for auto-proxying)
2021-02-10 16:34:14.784  INFO 40576 --- [           main] trationDelegate$BeanPostProcessorChecker : Bean 'org.springframework.cloud.client.loadbalancer.reactive.LoadBalancerBeanPostProcessorAutoConfiguration$ReactiveLoadBalancerConfig' of type [org.springframework.cloud.client.loadbalancer.reactive.LoadBalancerBeanPostProcessorAutoConfiguration$ReactiveLoadBalancerConfig] is not eligible for getting processed by all BeanPostProcessors (for example: not eligible for auto-proxying)
2021-02-10 16:34:14.790  INFO 40576 --- [           main] trationDelegate$BeanPostProcessorChecker : Bean 'deferringLoadBalancerExchangeFilterFunction' of type [org.springframework.cloud.client.loadbalancer.reactive.DeferringLoadBalancerExchangeFilterFunction] is not eligible for getting processed by all BeanPostProcessors (for example: not eligible for auto-proxying)
2021-02-10 16:34:14.865  INFO 40576 --- [           main] c.u.j.r.DefaultLazyPropertyResolver      : Property Resolver custom Bean not found with name 'encryptablePropertyResolver'. Initializing Default Property Resolver
2021-02-10 16:34:14.867  INFO 40576 --- [           main] c.u.j.d.DefaultLazyPropertyDetector      : Property Detector custom Bean not found with name 'encryptablePropertyDetector'. Initializing Default Property Detector
2021-02-10 16:34:15.220  INFO 40576 --- [           main] o.s.b.w.embedded.tomcat.TomcatWebServer  : Tomcat initialized with port(s): 0 (http)
2021-02-10 16:34:15.232  INFO 40576 --- [           main] o.apache.catalina.core.StandardService   : Starting service [Tomcat]
2021-02-10 16:34:15.232  INFO 40576 --- [           main] org.apache.catalina.core.StandardEngine  : Starting Servlet engine: [Apache Tomcat/9.0.39]
2021-02-10 16:34:15.363  INFO 40576 --- [           main] o.a.c.c.C.[Tomcat].[localhost].[/]       : Initializing Spring embedded WebApplicationContext
2021-02-10 16:34:15.363  INFO 40576 --- [           main] w.s.c.ServletWebServerApplicationContext : Root WebApplicationContext: initialization completed in 1686 ms
2021-02-10 16:34:16.265  WARN 40576 --- [           main] c.n.c.sources.URLConfigurationSource     : No URLs will be polled as dynamic configuration sources.
2021-02-10 16:34:16.265  INFO 40576 --- [           main] c.n.c.sources.URLConfigurationSource     : To enable URLs as dynamic configuration sources, define System property archaius.configurationSource.additionalUrls or make config.properties available on classpath.
2021-02-10 16:34:16.272  WARN 40576 --- [           main] c.n.c.sources.URLConfigurationSource     : No URLs will be polled as dynamic configuration sources.
2021-02-10 16:34:16.272  INFO 40576 --- [           main] c.n.c.sources.URLConfigurationSource     : To enable URLs as dynamic configuration sources, define System property archaius.configurationSource.additionalUrls or make config.properties available on classpath.
2021-02-10 16:34:16.585  INFO 40576 --- [           main] o.s.s.concurrent.ThreadPoolTaskExecutor  : Initializing ExecutorService 'applicationTaskExecutor'
2021-02-10 16:34:16.703  INFO 40576 --- [           main] o.s.b.a.w.s.WelcomePageHandlerMapping    : Adding welcome page: class path resource [static/index.html]
2021-02-10 16:34:17.304  INFO 40576 --- [           main] DiscoveryClientOptionalArgsConfiguration : Eureka HTTP Client uses Jersey
2021-02-10 16:34:17.703  WARN 40576 --- [           main] ockingLoadBalancerClientRibbonWarnLogger : You already have RibbonLoadBalancerClient on your classpath. It will be used by default. As Spring Cloud Ribbon is in maintenance mode. We recommend switching to BlockingLoadBalancerClient instead. In order to use it, set the value of `spring.cloud.loadbalancer.ribbon.enabled` to `false` or remove spring-cloud-starter-netflix-ribbon from your project.
2021-02-10 16:34:17.741  WARN 40576 --- [           main] eactorLoadBalancerClientRibbonWarnLogger : You have RibbonLoadBalancerClient on your classpath. LoadBalancerExchangeFilterFunction that uses it under the hood will be used by default. Spring Cloud Ribbon is now in maintenance mode, so we suggest switching to ReactorLoadBalancerExchangeFilterFunction instead. In order to use it, set the value of `spring.cloud.loadbalancer.ribbon.enabled` to `false` or remove spring-cloud-starter-netflix-ribbon from your project.
2021-02-10 16:34:18.140  INFO 40576 --- [           main] o.s.b.w.embedded.tomcat.TomcatWebServer  : Tomcat started on port(s): 61741 (http) with context path ''
2021-02-10 16:34:18.141  INFO 40576 --- [           main] .s.c.n.e.s.EurekaAutoServiceRegistration : Updating port to 61741
2021-02-10 16:34:18.148  INFO 40576 --- [           main] o.s.c.n.eureka.InstanceInfoFactory       : Setting initial instance status as: STARTING
2021-02-10 16:34:18.317  INFO 40576 --- [           main] com.netflix.discovery.DiscoveryClient    : Initializing Eureka in region us-east-1
2021-02-10 16:34:18.373  INFO 40576 --- [           main] c.n.d.provider.DiscoveryJerseyProvider   : Using JSON encoding codec LegacyJacksonJson
2021-02-10 16:34:18.373  INFO 40576 --- [           main] c.n.d.provider.DiscoveryJerseyProvider   : Using JSON decoding codec LegacyJacksonJson
2021-02-10 16:34:18.489  INFO 40576 --- [           main] c.n.d.provider.DiscoveryJerseyProvider   : Using XML encoding codec XStreamXml
2021-02-10 16:34:18.489  INFO 40576 --- [           main] c.n.d.provider.DiscoveryJerseyProvider   : Using XML decoding codec XStreamXml
2021-02-10 16:34:18.633  INFO 40576 --- [           main] c.n.d.s.r.aws.ConfigClusterResolver      : Resolving eureka endpoints via configuration
2021-02-10 16:34:18.709  INFO 40576 --- [           main] com.netflix.discovery.DiscoveryClient    : Disable delta property : false
2021-02-10 16:34:18.709  INFO 40576 --- [           main] com.netflix.discovery.DiscoveryClient    : Single vip registry refresh property : null
2021-02-10 16:34:18.709  INFO 40576 --- [           main] com.netflix.discovery.DiscoveryClient    : Force full registry fetch : false
2021-02-10 16:34:18.709  INFO 40576 --- [           main] com.netflix.discovery.DiscoveryClient    : Application is null : false
2021-02-10 16:34:18.709  INFO 40576 --- [           main] com.netflix.discovery.DiscoveryClient    : Registered Applications size is zero : true
2021-02-10 16:34:18.709  INFO 40576 --- [           main] com.netflix.discovery.DiscoveryClient    : Application version is -1: true
2021-02-10 16:34:18.709  INFO 40576 --- [           main] com.netflix.discovery.DiscoveryClient    : Getting all instance registry info from the eureka server
2021-02-10 16:34:18.829  INFO 40576 --- [           main] com.netflix.discovery.DiscoveryClient    : The response status is 200
2021-02-10 16:34:18.832  INFO 40576 --- [           main] com.netflix.discovery.DiscoveryClient    : Starting heartbeat executor: renew interval is: 30
2021-02-10 16:34:18.834  INFO 40576 --- [           main] c.n.discovery.InstanceInfoReplicator     : InstanceInfoReplicator onDemand update allowed rate per min is 4
2021-02-10 16:34:18.837  INFO 40576 --- [           main] com.netflix.discovery.DiscoveryClient    : Discovery Client initialized at timestamp 1612946058836 with initial instances count: 1
2021-02-10 16:34:18.847  INFO 40576 --- [           main] o.s.c.n.e.s.EurekaServiceRegistry        : Registering application JORDANAPP with eureka with status UP
2021-02-10 16:34:18.849  INFO 40576 --- [           main] com.netflix.discovery.DiscoveryClient    : Saw local status change event StatusChangeEvent [timestamp=1612946058849, current=UP, previous=STARTING]
2021-02-10 16:34:18.851  INFO 40576 --- [nfoReplicator-0] com.netflix.discovery.DiscoveryClient    : DiscoveryClient_JORDANAPP/LAPTOP-2I86BPQ4:jordanApp:0: registering service...
2021-02-10 16:34:18.894  INFO 40576 --- [nfoReplicator-0] com.netflix.discovery.DiscoveryClient    : DiscoveryClient_JORDANAPP/LAPTOP-2I86BPQ4:jordanApp:0 - registration status: 204
2021-02-10 16:34:19.082  INFO 40576 --- [           main] c.test.ServingWebContentApplicationTest  : Started ServingWebContentApplicationTest in 6.345 seconds (JVM running for 7.15)
2021-02-10 16:34:19.266  INFO 40576 --- [           main] o.s.t.c.s.DefaultTestContextBootstrapper : Neither @ContextConfiguration nor @ContextHierarchy found for test class [com.test.ServingWebContentApplicationTest$changeParamTest], using DelegatingSmartContextLoader
2021-02-10 16:34:19.267  INFO 40576 --- [           main] o.s.t.c.support.AbstractContextLoader    : Could not detect default resource locations for test class [com.test.ServingWebContentApplicationTest$changeParamTest]: no resource found for suffixes {-context.xml}.
2021-02-10 16:34:19.267  INFO 40576 --- [           main] t.c.s.AnnotationConfigContextLoaderUtils : Could not detect default configuration classes for test class [com.test.ServingWebContentApplicationTest$changeParamTest]: changeParamTest does not declare any static, non-private, non-final, nested classes annotated with @Configuration.
2021-02-10 16:34:19.268  INFO 40576 --- [           main] o.s.t.c.s.DefaultTestContextBootstrapper : Loaded default TestExecutionListener class names from location [META-INF/spring.factories]: [org.springframework.boot.test.mock.mockito.MockitoTestExecutionListener, org.springframework.boot.test.mock.mockito.ResetMocksTestExecutionListener, org.springframework.boot.test.autoconfigure.restdocs.RestDocsTestExecutionListener, org.springframework.boot.test.autoconfigure.web.client.MockRestServiceServerResetTestExecutionListener, org.springframework.boot.test.autoconfigure.web.servlet.MockMvcPrintOnlyOnFailureTestExecutionListener, org.springframework.boot.test.autoconfigure.web.servlet.WebDriverTestExecutionListener, org.springframework.boot.test.autoconfigure.webservices.client.MockWebServiceServerTestExecutionListener, org.springframework.test.context.web.ServletTestExecutionListener, org.springframework.test.context.support.DirtiesContextBeforeModesTestExecutionListener, org.springframework.test.context.support.DependencyInjectionTestExecutionListener, org.springframework.test.context.support.DirtiesContextTestExecutionListener, org.springframework.test.context.transaction.TransactionalTestExecutionListener, org.springframework.test.context.jdbc.SqlScriptsTestExecutionListener, org.springframework.test.context.event.EventPublishingTestExecutionListener]
2021-02-10 16:34:19.268  INFO 40576 --- [           main] o.s.t.c.s.DefaultTestContextBootstrapper : Using TestExecutionListeners: [org.springframework.test.context.web.ServletTestExecutionListener@505f6511, org.springframework.test.context.support.DirtiesContextBeforeModesTestExecutionListener@3dfb1626, org.springframework.boot.test.mock.mockito.MockitoTestExecutionListener@52c919f3, org.springframework.test.context.support.DependencyInjectionTestExecutionListener@5c70eda4, org.springframework.test.context.support.DirtiesContextTestExecutionListener@77ac7cd6, org.springframework.test.context.transaction.TransactionalTestExecutionListener@12830e23, org.springframework.test.context.jdbc.SqlScriptsTestExecutionListener@81f9b01, org.springframework.test.context.event.EventPublishingTestExecutionListener@53d94a6b, org.springframework.boot.test.mock.mockito.ResetMocksTestExecutionListener@4707d60a, org.springframework.boot.test.autoconfigure.restdocs.RestDocsTestExecutionListener@4d7f3adf, org.springframework.boot.test.autoconfigure.web.client.MockRestServiceServerResetTestExecutionListener@394c77e2, org.springframework.boot.test.autoconfigure.web.servlet.MockMvcPrintOnlyOnFailureTestExecutionListener@20dfe8b2, org.springframework.boot.test.autoconfigure.web.servlet.WebDriverTestExecutionListener@5911dd25, org.springframework.boot.test.autoconfigure.webservices.client.MockWebServiceServerTestExecutionListener@6d8cbd1a]
2021-02-10 16:34:19.464  INFO 40576 --- [           main] com.zaxxer.hikari.HikariDataSource       : HikariPool-1 - Starting...
2021-02-10 16:34:19.716  INFO 40576 --- [           main] com.zaxxer.hikari.HikariDataSource       : HikariPool-1 - Start completed.
Beginning changeParam test
2021-02-10 16:34:20.183  INFO 40576 --- [o-auto-1-exec-1] o.a.c.c.C.[Tomcat].[localhost].[/]       : Initializing Spring DispatcherServlet 'dispatcherServlet'
2021-02-10 16:34:20.183  INFO 40576 --- [o-auto-1-exec-1] o.s.web.servlet.DispatcherServlet        : Initializing Servlet 'dispatcherServlet'
2021-02-10 16:34:20.207  INFO 40576 --- [o-auto-1-exec-1] o.s.web.servlet.DispatcherServlet        : Completed initialization in 24 ms
]]></system-out>
  </testcase>
  <testcase name="getAllCars" classname="com.test.ServingWebContentApplicationTest$getAllCarTest" time="0.006">
    <failure message="Range for response status value 404 NOT_FOUND expected:&lt;SUCCESSFUL&gt; but was:&lt;CLIENT_ERROR&gt;&#10;&#10;&gt; GET http://localhost:61741/getAllCars&#10;&gt; WebTestClient-Request-Id: [2]&#10;&#10;No content&#10;&#10;&lt; 404 NOT_FOUND Not Found&#10;&lt; Vary: [Origin, Access-Control-Request-Method, Access-Control-Request-Headers]&#10;&lt; Content-Type: [application/json]&#10;&lt; Transfer-Encoding: [chunked]&#10;&lt; Date: [Wed, 10 Feb 2021 08:34:20 GMT]&#10;&#10;{&quot;timestamp&quot;:&quot;2021-02-10T08:34:20.310+00:00&quot;,&quot;status&quot;:404,&quot;error&quot;:&quot;Not Found&quot;,&quot;message&quot;:&quot;&quot;,&quot;path&quot;:&quot;/getAllCars&quot;}&#10;" type="java.lang.AssertionError"><![CDATA[java.lang.AssertionError: 
Range for response status value 404 NOT_FOUND expected:<SUCCESSFUL> but was:<CLIENT_ERROR>

> GET http://localhost:61741/getAllCars
> WebTestClient-Request-Id: [2]

No content

< 404 NOT_FOUND Not Found
< Vary: [Origin, Access-Control-Request-Method, Access-Control-Request-Headers]
< Content-Type: [application/json]
< Transfer-Encoding: [chunked]
< Date: [Wed, 10 Feb 2021 08:34:20 GMT]

{"timestamp":"2021-02-10T08:34:20.310+00:00","status":404,"error":"Not Found","message":"","path":"/getAllCars"}

	at com.test.ServingWebContentApplicationTest$getAllCarTest.getAllCars(ServingWebContentApplicationTest.java:159)
Caused by: java.lang.AssertionError: Range for response status value 404 NOT_FOUND expected:<SUCCESSFUL> but was:<CLIENT_ERROR>
	at com.test.ServingWebContentApplicationTest$getAllCarTest.getAllCars(ServingWebContentApplicationTest.java:159)
]]></failure>
    <system-out><![CDATA[2021-02-10 16:34:20.298  INFO 40576 --- [           main] o.s.t.c.s.DefaultTestContextBootstrapper : Neither @ContextConfiguration nor @ContextHierarchy found for test class [com.test.ServingWebContentApplicationTest$getAllCarTest], using DelegatingSmartContextLoader
2021-02-10 16:34:20.298  INFO 40576 --- [           main] o.s.t.c.support.AbstractContextLoader    : Could not detect default resource locations for test class [com.test.ServingWebContentApplicationTest$getAllCarTest]: no resource found for suffixes {-context.xml}.
2021-02-10 16:34:20.299  INFO 40576 --- [           main] t.c.s.AnnotationConfigContextLoaderUtils : Could not detect default configuration classes for test class [com.test.ServingWebContentApplicationTest$getAllCarTest]: getAllCarTest does not declare any static, non-private, non-final, nested classes annotated with @Configuration.
2021-02-10 16:34:20.299  INFO 40576 --- [           main] o.s.t.c.s.DefaultTestContextBootstrapper : Loaded default TestExecutionListener class names from location [META-INF/spring.factories]: [org.springframework.boot.test.mock.mockito.MockitoTestExecutionListener, org.springframework.boot.test.mock.mockito.ResetMocksTestExecutionListener, org.springframework.boot.test.autoconfigure.restdocs.RestDocsTestExecutionListener, org.springframework.boot.test.autoconfigure.web.client.MockRestServiceServerResetTestExecutionListener, org.springframework.boot.test.autoconfigure.web.servlet.MockMvcPrintOnlyOnFailureTestExecutionListener, org.springframework.boot.test.autoconfigure.web.servlet.WebDriverTestExecutionListener, org.springframework.boot.test.autoconfigure.webservices.client.MockWebServiceServerTestExecutionListener, org.springframework.test.context.web.ServletTestExecutionListener, org.springframework.test.context.support.DirtiesContextBeforeModesTestExecutionListener, org.springframework.test.context.support.DependencyInjectionTestExecutionListener, org.springframework.test.context.support.DirtiesContextTestExecutionListener, org.springframework.test.context.transaction.TransactionalTestExecutionListener, org.springframework.test.context.jdbc.SqlScriptsTestExecutionListener, org.springframework.test.context.event.EventPublishingTestExecutionListener]
2021-02-10 16:34:20.299  INFO 40576 --- [           main] o.s.t.c.s.DefaultTestContextBootstrapper : Using TestExecutionListeners: [org.springframework.test.context.web.ServletTestExecutionListener@3287cf03, org.springframework.test.context.support.DirtiesContextBeforeModesTestExecutionListener@3872c85f, org.springframework.boot.test.mock.mockito.MockitoTestExecutionListener@3f7030b5, org.springframework.test.context.support.DependencyInjectionTestExecutionListener@774b798, org.springframework.test.context.support.DirtiesContextTestExecutionListener@b079fa2, org.springframework.test.context.transaction.TransactionalTestExecutionListener@25198ead, org.springframework.test.context.jdbc.SqlScriptsTestExecutionListener@1b52f723, org.springframework.test.context.event.EventPublishingTestExecutionListener@39384ba6, org.springframework.boot.test.mock.mockito.ResetMocksTestExecutionListener@e7529ac, org.springframework.boot.test.autoconfigure.restdocs.RestDocsTestExecutionListener@6770a229, org.springframework.boot.test.autoconfigure.web.client.MockRestServiceServerResetTestExecutionListener@6b17aa0b, org.springframework.boot.test.autoconfigure.web.servlet.MockMvcPrintOnlyOnFailureTestExecutionListener@1009a9b4, org.springframework.boot.test.autoconfigure.web.servlet.WebDriverTestExecutionListener@3796ca50, org.springframework.boot.test.autoconfigure.webservices.client.MockWebServiceServerTestExecutionListener@55154761]
Beginning getAllCars test
]]></system-out>
  </testcase>
  <testcase name="deleteCar" classname="com.test.ServingWebContentApplicationTest$deleteCarTest" time="0.061">
    <failure message="Range for response status value 404 NOT_FOUND expected:&lt;SUCCESSFUL&gt; but was:&lt;CLIENT_ERROR&gt;&#10;&#10;&gt; DELETE http://localhost:61741/deleteCar?id=666&#10;&gt; WebTestClient-Request-Id: [3]&#10;&#10;No content&#10;&#10;&lt; 404 NOT_FOUND Not Found&#10;&lt; Vary: [Origin, Access-Control-Request-Method, Access-Control-Request-Headers]&#10;&lt; Content-Type: [application/json]&#10;&lt; Transfer-Encoding: [chunked]&#10;&lt; Date: [Wed, 10 Feb 2021 08:34:20 GMT]&#10;&#10;{&quot;timestamp&quot;:&quot;2021-02-10T08:34:20.385+00:00&quot;,&quot;status&quot;:404,&quot;error&quot;:&quot;Not Found&quot;,&quot;message&quot;:&quot;&quot;,&quot;path&quot;:&quot;/deleteCar&quot;}&#10;" type="java.lang.AssertionError"><![CDATA[java.lang.AssertionError: 
Range for response status value 404 NOT_FOUND expected:<SUCCESSFUL> but was:<CLIENT_ERROR>

> DELETE http://localhost:61741/deleteCar?id=666
> WebTestClient-Request-Id: [3]

No content

< 404 NOT_FOUND Not Found
< Vary: [Origin, Access-Control-Request-Method, Access-Control-Request-Headers]
< Content-Type: [application/json]
< Transfer-Encoding: [chunked]
< Date: [Wed, 10 Feb 2021 08:34:20 GMT]

{"timestamp":"2021-02-10T08:34:20.385+00:00","status":404,"error":"Not Found","message":"","path":"/deleteCar"}

	at com.test.ServingWebContentApplicationTest$deleteCarTest.deleteCar(ServingWebContentApplicationTest.java:131)
Caused by: java.lang.AssertionError: Range for response status value 404 NOT_FOUND expected:<SUCCESSFUL> but was:<CLIENT_ERROR>
	at com.test.ServingWebContentApplicationTest$deleteCarTest.deleteCar(ServingWebContentApplicationTest.java:131)
]]></failure>
    <system-out><![CDATA[2021-02-10 16:34:20.318  INFO 40576 --- [           main] o.s.t.c.s.DefaultTestContextBootstrapper : Neither @ContextConfiguration nor @ContextHierarchy found for test class [com.test.ServingWebContentApplicationTest$deleteCarTest], using DelegatingSmartContextLoader
2021-02-10 16:34:20.318  INFO 40576 --- [           main] o.s.t.c.support.AbstractContextLoader    : Could not detect default resource locations for test class [com.test.ServingWebContentApplicationTest$deleteCarTest]: no resource found for suffixes {-context.xml}.
2021-02-10 16:34:20.318  INFO 40576 --- [           main] t.c.s.AnnotationConfigContextLoaderUtils : Could not detect default configuration classes for test class [com.test.ServingWebContentApplicationTest$deleteCarTest]: deleteCarTest does not declare any static, non-private, non-final, nested classes annotated with @Configuration.
2021-02-10 16:34:20.319  INFO 40576 --- [           main] o.s.t.c.s.DefaultTestContextBootstrapper : Loaded default TestExecutionListener class names from location [META-INF/spring.factories]: [org.springframework.boot.test.mock.mockito.MockitoTestExecutionListener, org.springframework.boot.test.mock.mockito.ResetMocksTestExecutionListener, org.springframework.boot.test.autoconfigure.restdocs.RestDocsTestExecutionListener, org.springframework.boot.test.autoconfigure.web.client.MockRestServiceServerResetTestExecutionListener, org.springframework.boot.test.autoconfigure.web.servlet.MockMvcPrintOnlyOnFailureTestExecutionListener, org.springframework.boot.test.autoconfigure.web.servlet.WebDriverTestExecutionListener, org.springframework.boot.test.autoconfigure.webservices.client.MockWebServiceServerTestExecutionListener, org.springframework.test.context.web.ServletTestExecutionListener, org.springframework.test.context.support.DirtiesContextBeforeModesTestExecutionListener, org.springframework.test.context.support.DependencyInjectionTestExecutionListener, org.springframework.test.context.support.DirtiesContextTestExecutionListener, org.springframework.test.context.transaction.TransactionalTestExecutionListener, org.springframework.test.context.jdbc.SqlScriptsTestExecutionListener, org.springframework.test.context.event.EventPublishingTestExecutionListener]
2021-02-10 16:34:20.319  INFO 40576 --- [           main] o.s.t.c.s.DefaultTestContextBootstrapper : Using TestExecutionListeners: [org.springframework.test.context.web.ServletTestExecutionListener@46823e8, org.springframework.test.context.support.DirtiesContextBeforeModesTestExecutionListener@37e99c0f, org.springframework.boot.test.mock.mockito.MockitoTestExecutionListener@29ae939c, org.springframework.test.context.support.DependencyInjectionTestExecutionListener@439acac0, org.springframework.test.context.support.DirtiesContextTestExecutionListener@6a8d638, org.springframework.test.context.transaction.TransactionalTestExecutionListener@7d5a3b06, org.springframework.test.context.jdbc.SqlScriptsTestExecutionListener@20b56542, org.springframework.test.context.event.EventPublishingTestExecutionListener@35ec675e, org.springframework.boot.test.mock.mockito.ResetMocksTestExecutionListener@75b57ecd, org.springframework.boot.test.autoconfigure.restdocs.RestDocsTestExecutionListener@591be976, org.springframework.boot.test.autoconfigure.web.client.MockRestServiceServerResetTestExecutionListener@520f1862, org.springframework.boot.test.autoconfigure.web.servlet.MockMvcPrintOnlyOnFailureTestExecutionListener@40f53ea, org.springframework.boot.test.autoconfigure.web.servlet.WebDriverTestExecutionListener@5a1216b0, org.springframework.boot.test.autoconfigure.webservices.client.MockWebServiceServerTestExecutionListener@5c4404dd]
Starting deleteCarTest()
I MADE IT HERE
{id=666}
]]></system-out>
  </testcase>
  <testcase name="insertCar" classname="com.test.ServingWebContentApplicationTest$insertCarTest" time="0.035">
    <failure message="Range for response status value 404 NOT_FOUND expected:&lt;SUCCESSFUL&gt; but was:&lt;CLIENT_ERROR&gt;&#10;&#10;&gt; POST http://localhost:61741/insertCar&#10;&gt; WebTestClient-Request-Id: [4]&#10;&gt; Accept: [application/json]&#10;&gt; Content-Type: [application/json]&#10;&gt; Content-Length: [70]&#10;&#10;{&quot;id&quot;:0,&quot;brand&quot;:&quot;Honda&quot;,&quot;color&quot;:&quot;Black&quot;,&quot;fuelCapacity&quot;:4500,&quot;seats&quot;:4}&#10;&#10;&lt; 404 NOT_FOUND Not Found&#10;&lt; Vary: [Origin, Access-Control-Request-Method, Access-Control-Request-Headers]&#10;&lt; Content-Type: [application/json]&#10;&lt; Transfer-Encoding: [chunked]&#10;&lt; Date: [Wed, 10 Feb 2021 08:34:20 GMT]&#10;&#10;{&quot;timestamp&quot;:&quot;2021-02-10T08:34:20.436+00:00&quot;,&quot;status&quot;:404,&quot;error&quot;:&quot;Not Found&quot;,&quot;message&quot;:&quot;&quot;,&quot;path&quot;:&quot;/insertCar&quot;}&#10;" type="java.lang.AssertionError"><![CDATA[java.lang.AssertionError: 
Range for response status value 404 NOT_FOUND expected:<SUCCESSFUL> but was:<CLIENT_ERROR>

> POST http://localhost:61741/insertCar
> WebTestClient-Request-Id: [4]
> Accept: [application/json]
> Content-Type: [application/json]
> Content-Length: [70]

{"id":0,"brand":"Honda","color":"Black","fuelCapacity":4500,"seats":4}

< 404 NOT_FOUND Not Found
< Vary: [Origin, Access-Control-Request-Method, Access-Control-Request-Headers]
< Content-Type: [application/json]
< Transfer-Encoding: [chunked]
< Date: [Wed, 10 Feb 2021 08:34:20 GMT]

{"timestamp":"2021-02-10T08:34:20.436+00:00","status":404,"error":"Not Found","message":"","path":"/insertCar"}

	at com.test.ServingWebContentApplicationTest$insertCarTest.insertCar(ServingWebContentApplicationTest.java:85)
Caused by: java.lang.AssertionError: Range for response status value 404 NOT_FOUND expected:<SUCCESSFUL> but was:<CLIENT_ERROR>
	at com.test.ServingWebContentApplicationTest$insertCarTest.insertCar(ServingWebContentApplicationTest.java:85)
]]></failure>
    <system-out><![CDATA[2021-02-10 16:34:20.392  INFO 40576 --- [           main] o.s.t.c.s.DefaultTestContextBootstrapper : Neither @ContextConfiguration nor @ContextHierarchy found for test class [com.test.ServingWebContentApplicationTest$insertCarTest], using DelegatingSmartContextLoader
2021-02-10 16:34:20.392  INFO 40576 --- [           main] o.s.t.c.support.AbstractContextLoader    : Could not detect default resource locations for test class [com.test.ServingWebContentApplicationTest$insertCarTest]: no resource found for suffixes {-context.xml}.
2021-02-10 16:34:20.393  INFO 40576 --- [           main] t.c.s.AnnotationConfigContextLoaderUtils : Could not detect default configuration classes for test class [com.test.ServingWebContentApplicationTest$insertCarTest]: insertCarTest does not declare any static, non-private, non-final, nested classes annotated with @Configuration.
2021-02-10 16:34:20.393  INFO 40576 --- [           main] o.s.t.c.s.DefaultTestContextBootstrapper : Loaded default TestExecutionListener class names from location [META-INF/spring.factories]: [org.springframework.boot.test.mock.mockito.MockitoTestExecutionListener, org.springframework.boot.test.mock.mockito.ResetMocksTestExecutionListener, org.springframework.boot.test.autoconfigure.restdocs.RestDocsTestExecutionListener, org.springframework.boot.test.autoconfigure.web.client.MockRestServiceServerResetTestExecutionListener, org.springframework.boot.test.autoconfigure.web.servlet.MockMvcPrintOnlyOnFailureTestExecutionListener, org.springframework.boot.test.autoconfigure.web.servlet.WebDriverTestExecutionListener, org.springframework.boot.test.autoconfigure.webservices.client.MockWebServiceServerTestExecutionListener, org.springframework.test.context.web.ServletTestExecutionListener, org.springframework.test.context.support.DirtiesContextBeforeModesTestExecutionListener, org.springframework.test.context.support.DependencyInjectionTestExecutionListener, org.springframework.test.context.support.DirtiesContextTestExecutionListener, org.springframework.test.context.transaction.TransactionalTestExecutionListener, org.springframework.test.context.jdbc.SqlScriptsTestExecutionListener, org.springframework.test.context.event.EventPublishingTestExecutionListener]
2021-02-10 16:34:20.393  INFO 40576 --- [           main] o.s.t.c.s.DefaultTestContextBootstrapper : Using TestExecutionListeners: [org.springframework.test.context.web.ServletTestExecutionListener@4ea8832c, org.springframework.test.context.support.DirtiesContextBeforeModesTestExecutionListener@45e6f47a, org.springframework.boot.test.mock.mockito.MockitoTestExecutionListener@11a9f958, org.springframework.test.context.support.DependencyInjectionTestExecutionListener@7585531b, org.springframework.test.context.support.DirtiesContextTestExecutionListener@7fbe0f64, org.springframework.test.context.transaction.TransactionalTestExecutionListener@d0971cd, org.springframework.test.context.jdbc.SqlScriptsTestExecutionListener@53b42a0d, org.springframework.test.context.event.EventPublishingTestExecutionListener@cf6a6eb, org.springframework.boot.test.mock.mockito.ResetMocksTestExecutionListener@33c5d3e, org.springframework.boot.test.autoconfigure.restdocs.RestDocsTestExecutionListener@45fdd38d, org.springframework.boot.test.autoconfigure.web.client.MockRestServiceServerResetTestExecutionListener@376b6d7d, org.springframework.boot.test.autoconfigure.web.servlet.MockMvcPrintOnlyOnFailureTestExecutionListener@e934485, org.springframework.boot.test.autoconfigure.web.servlet.WebDriverTestExecutionListener@6f272dc4, org.springframework.boot.test.autoconfigure.webservices.client.MockWebServiceServerTestExecutionListener@446dea16]
Starting insertCarTest
count1 : 1
Inserting a Car
count1 : 1
]]></system-out>
  </testcase>
</testsuite>